<?xml version="1.0" encoding="UTF-8"?>
<testsuite xmlns:xsi="http://www.w3.org/2001/XMLSchema-instance" xsi:noNamespaceSchemaLocation="https://maven.apache.org/surefire/maven-surefire-plugin/xsd/surefire-test-report.xsd" name="LanguageTest" time="0.062" tests="15" errors="0" skipped="0" failures="0">
  <properties>
[...]
</properties>
  <testcase name="iteratorEmptyLanguageTest" classname="LanguageTest" time="0.001"/>
  <testcase name="concatenateWithEmptyTest" classname="LanguageTest" time="0"/>
  <testcase name="isEmptyTest" classname="LanguageTest" time="0"/>
  <testcase name="includesTest" classname="LanguageTest" time="0"/>
  <testcase name="assertHashCodeEqualsTest" classname="LanguageTest" time="0"/>
  <testcase name="cardinalityTest" classname="LanguageTest" time="0"/>
  <testcase name="equalsTest" classname="LanguageTest" time="0"/>
  <testcase name="iteratorTest" classname="LanguageTest" time="0.001"/>
  <testcase name="iteratorSizeOneTest" classname="LanguageTest" time="0"/>
  <testcase name="assertEqualsLargeRandomLanguageSets" classname="LanguageTest" time="0.021"/>
  <testcase name="iteratableTest" classname="LanguageTest" time="0"/>
  <testcase name="iteratorSizeTwoTest" classname="LanguageTest" time="0"/>
  <testcase name="concatenateNonEmptyTest" classname="LanguageTest" time="0"/>
  <testcase name="assertHashCodeEqualsTest2" classname="LanguageTest" time="0.004"/>
  <testcase name="concatenateBothEmptyTest" classname="LanguageTest" time="0"/>
</testsuite>